[ 2015-12-14 16:52:38.2304 94366/0x7fff72af9000 age/Wat/WatchdogMain.cpp:1276 ]: Starting Passenger watchdog...
[ 2015-12-14 16:52:38.2732 94368/0x7fff72af9000 age/Cor/CoreMain.cpp:957 ]: Starting Passenger core...
[ 2015-12-14 16:52:38.2739 94368/0x7fff72af9000 age/Cor/CoreMain.cpp:234 ]: Passenger core running in multi-application mode.
[ 2015-12-14 16:52:38.2971 94368/0x7fff72af9000 age/Cor/CoreMain.cpp:707 ]: Passenger core online, PID 94368
[ 2015-12-14 16:52:38.3090 94370/0x7fff72af9000 age/Ust/UstRouterMain.cpp:504 ]: Starting Passenger UstRouter...
[ 2015-12-14 16:52:38.3126 94370/0x7fff72af9000 age/Ust/UstRouterMain.cpp:317 ]: Passenger UstRouter online, PID 94370
App 94385 stdout: 
App 94403 stdout: 
[ 2015-12-14 16:54:41.0099 94368/0x700000041000 age/Cor/App/Poo/AnalyticsCollection.cpp:105 ]: Process (pid=94403, group=/Users/nacho/Desktop/pruebas/meteor/leaderboard-package/bundle/public (development)) no longer exists! Detaching it from the pool.
[ 2015-12-14 16:54:41.0109 94368/0x700000041000 age/Cor/CoreMain.cpp:794 ]: Disconnecting long-running connections for process 94403, application /Users/nacho/Desktop/pruebas/meteor/leaderboard-package/bundle/public (development)
App 94473 stdout: 

[ 2015-12-14 17:05:46.8650 94368/0x70000018a000 age/Cor/CoreMain.cpp:507 ]: Signal received. Gracefully shutting down... (send signal 2 more time(s) to force shutdown)
[ 2015-12-14 17:05:46.8650 94368/0x7fff72af9000 age/Cor/CoreMain.cpp:876 ]: Received command to shutdown gracefully. Waiting until all clients have disconnected...
[ 2015-12-14 17:05:46.8651 94368/0x7fff72af9000 age/Cor/CoreMain.cpp:794 ]: Disconnecting long-running connections for process 94385, application /Users/nacho/Desktop/pruebas/meteor/leaderboard-package/bundle/public (development)
[ 2015-12-14 17:05:46.8651 94368/0x7fff72af9000 age/Cor/CoreMain.cpp:794 ]: Disconnecting long-running connections for process 94473, application /Users/nacho/Desktop/pruebas/meteor/leaderboard-package/bundle/public (development)

[ 2015-12-14 17:05:46.8677 94370/0x700000104000 age/Ust/UstRouterMain.cpp:397 ]: Signal received. Gracefully shutting down... (send signal 2 more time(s) to force shutdown)
[ 2015-12-14 17:05:46.8677 94370/0x7fff72af9000 age/Ust/UstRouterMain.cpp:467 ]: Received command to shutdown gracefully. Waiting until all clients have disconnected...
[ 2015-12-14 17:05:46.8691 94368/0x700000290000 Ser/Server.h:758 ]: [ServerThr.2] Freed 128 spare client objects
[ 2015-12-14 17:05:46.8692 94368/0x700000396000 Ser/Server.h:758 ]: [ServerThr.3] Freed 128 spare client objects
[ 2015-12-14 17:05:46.8692 94368/0x700000290000 Ser/Server.h:444 ]: [ServerThr.2] Shutdown finished
[ 2015-12-14 17:05:46.8692 94368/0x700000396000 Ser/Server.h:444 ]: [ServerThr.3] Shutdown finished
[ 2015-12-14 17:05:46.8692 94368/0x7000005a2000 Ser/Server.h:758 ]: [ApiServer] Freed 0 spare client objects
[ 2015-12-14 17:05:46.8691 94368/0x70000018a000 Ser/Server.h:758 ]: [ServerThr.1] Freed 128 spare client objects
[ 2015-12-14 17:05:46.8692 94368/0x7000005a2000 Ser/Server.h:444 ]: [ApiServer] Shutdown finished
[ 2015-12-14 17:05:46.8693 94368/0x70000049c000 Ser/Server.h:758 ]: [ServerThr.4] Freed 128 spare client objects
[ 2015-12-14 17:05:46.8693 94368/0x70000018a000 Ser/Server.h:444 ]: [ServerThr.1] Shutdown finished
[ 2015-12-14 17:05:46.8693 94368/0x70000049c000 Ser/Server.h:444 ]: [ServerThr.4] Shutdown finished
[ 2015-12-14 17:05:46.8696 94370/0x70000020a000 Ser/Server.h:758 ]: [UstRouterApiServer] Freed 0 spare client objects
[ 2015-12-14 17:05:46.8696 94370/0x70000020a000 Ser/Server.h:444 ]: [UstRouterApiServer] Shutdown finished
[ 2015-12-14 17:05:46.8695 94370/0x700000104000 Ser/Server.h:444 ]: [UstRouter] Shutdown finished
[ 2015-12-14 17:05:46.8705 94370/0x7fff72af9000 age/Ust/UstRouterMain.cpp:498 ]: Passenger UstRouter shutdown finished
[ 2015-12-14 17:05:46.8707 94368/0x7fff72af9000 age/Cor/CoreMain.cpp:794 ]: Disconnecting long-running connections for process 94385, application /Users/nacho/Desktop/pruebas/meteor/leaderboard-package/bundle/public (development)
[ 2015-12-14 17:05:46.8708 94368/0x7fff72af9000 age/Cor/CoreMain.cpp:794 ]: Disconnecting long-running connections for process 94473, application /Users/nacho/Desktop/pruebas/meteor/leaderboard-package/bundle/public (development)
[ 2015-12-14 17:06:16.8645 95143/0x7fff72af9000 age/Wat/WatchdogMain.cpp:454 ]: Some Phusion Passenger agent processes did not exit in time, forcefully shutting down all.
